{"keyPrefix":"test-key...","level":"info","message":"API key validation","timestamp":"2025-07-18T08:26:12.029Z","valid":false}
{"keyPrefix":"wrong-ke...","level":"info","message":"API key validation","timestamp":"2025-07-18T08:26:12.041Z","valid":false}
{"keyPrefix":"test-key...","level":"info","message":"API key validation","timestamp":"2025-07-18T08:26:12.091Z","valid":false}
{"keyPrefix":"test-key...","level":"info","message":"API key validation","timestamp":"2025-07-18T08:26:12.117Z","valid":false}
{"keyPrefix":"invalid-...","level":"info","message":"API key validation","timestamp":"2025-07-18T08:26:12.092Z","valid":false}
{"keyPrefix":"test-key...","level":"info","message":"API key validation","timestamp":"2025-07-18T08:26:12.093Z","valid":false}
{"keyPrefix":"test-key...","level":"info","message":"API key validation","timestamp":"2025-07-18T08:26:12.094Z","valid":false}
{"keyPrefix":"invalid-...","level":"info","message":"API key validation","timestamp":"2025-07-18T08:26:12.122Z","valid":false}
{"keyPrefix":"test-key...","level":"info","message":"API key validation","timestamp":"2025-07-18T08:27:47.566Z","valid":false}
{"keyPrefix":"wrong-ke...","level":"info","message":"API key validation","timestamp":"2025-07-18T08:27:47.575Z","valid":false}
{"challengeId":"challenge-123","clientDID":"did:web:example","level":"info","message":"DID challenge created","timestamp":"2025-07-18T08:27:47.610Z"}
{"challengeId":"challenge-123","did":"did:web:example","level":"info","message":"DID challenge verification","timestamp":"2025-07-18T08:27:47.622Z","valid":true}
{"level":"info","message":"Access token issued","scope":"api:read","timestamp":"2025-07-18T08:27:47.622Z","user":"did:web:example"}
{"did":"did:web:example","level":"info","message":"DID authentication successful","subject":"example-user","timestamp":"2025-07-18T08:27:47.630Z"}
{"level":"info","message":"Access token revoked","timestamp":"2025-07-18T08:27:47.631Z","tokenPrefix":"mock-jwt-token..."}
{"did":"did:web:example","level":"info","message":"DID authentication successful","subject":"example-user","timestamp":"2025-07-18T08:27:47.636Z"}
{"clientDID":"did:web:example","error":"Service unavailable","level":"error","message":"Failed to create DID challenge","timestamp":"2025-07-18T08:27:47.641Z"}
{"error":"Invalid token","level":"error","message":"DID authentication failed","timestamp":"2025-07-18T08:27:47.655Z","token":"invalid-token..."}
{"keyPrefix":"test-key...","level":"info","message":"API key validation","timestamp":"2025-07-18T08:27:47.664Z","valid":false}
{"keyPrefix":"invalid-...","level":"info","message":"API key validation","timestamp":"2025-07-18T08:27:47.671Z","valid":false}
{"keyPrefix":"test-key...","level":"info","message":"API key validation","timestamp":"2025-07-18T08:27:47.684Z","valid":false}
{"keyPrefix":"test-key...","level":"info","message":"API key validation","timestamp":"2025-07-18T08:27:47.705Z","valid":false}
{"keyPrefix":"test-api...","level":"info","message":"API key validation","timestamp":"2025-07-18T08:34:49.697Z","valid":false}
{"keyPrefix":"test-key...","level":"info","message":"API key validation","timestamp":"2025-07-18T08:40:07.626Z","valid":true}
{"challengeId":"challenge-1752828014983","clientDID":"did:web:example.com","level":"info","message":"DID challenge created","timestamp":"2025-07-18T08:40:14.983Z"}
{"challengeId":"challenge-1752828014983","did":"did:web:example","level":"info","message":"DID challenge verification","timestamp":"2025-07-18T08:40:21.356Z","valid":true}
{"level":"info","message":"Access token issued","scope":"api:read","timestamp":"2025-07-18T08:40:21.357Z","user":"did:web:example"}
{"did":"api-registry","level":"info","message":"DID authentication successful","subject":"example-user","timestamp":"2025-07-18T08:40:28.998Z"}
{"keyPrefix":"test-key...","level":"info","message":"API key validation","timestamp":"2025-07-18T08:40:34.991Z","valid":true}
{"keyPrefix":"dev-api-...","level":"info","message":"API key validation","timestamp":"2025-07-18T14:41:58.443Z","valid":true}
{"keyPrefix":"dev-api-...","level":"info","message":"API key validation","timestamp":"2025-07-18T14:42:07.587Z","valid":true}
{"keyPrefix":"dev-api-...","level":"info","message":"API key validation","timestamp":"2025-07-18T14:42:28.599Z","valid":true}
{"keyPrefix":"dev-api-...","level":"info","message":"API key validation","timestamp":"2025-07-18T14:42:46.629Z","valid":true}
{"keyPrefix":"dev-api-...","level":"info","message":"API key validation","timestamp":"2025-07-18T14:43:58.992Z","valid":true}
{"keyPrefix":"dev-api-...","level":"info","message":"API key validation","timestamp":"2025-07-18T14:44:04.982Z","valid":true}
{"keyPrefix":"dev-api-...","level":"info","message":"API key validation","timestamp":"2025-07-18T14:44:41.953Z","valid":true}
{"keyPrefix":"dev-api-...","level":"info","message":"API key validation","timestamp":"2025-07-18T14:45:25.624Z","valid":true}
{"keyPrefix":"dev-api-...","level":"info","message":"API key validation","timestamp":"2025-07-18T14:45:39.910Z","valid":true}
{"keyPrefix":"dev-api-...","level":"info","message":"API key validation","timestamp":"2025-07-18T14:46:40.327Z","valid":true}
{"keyPrefix":"dev-api-...","level":"info","message":"API key validation","timestamp":"2025-07-18T14:47:27.064Z","valid":true}
{"keyPrefix":"dev-api-...","level":"info","message":"API key validation","timestamp":"2025-07-18T14:59:28.139Z","valid":true}
{"keyPrefix":"test-key...","level":"info","message":"API key validation","timestamp":"2025-07-19T08:20:58.333Z","valid":false}
{"keyPrefix":"invalid-...","level":"info","message":"API key validation","timestamp":"2025-07-19T08:20:58.338Z","valid":false}
{"challengeId":"challenge-1752913258352","clientDID":"did:web:example.com","level":"info","message":"DID challenge created","timestamp":"2025-07-19T08:20:58.352Z"}
{"challengeId":"challenge-1752913258352","did":"did:web:example","level":"info","message":"DID challenge verification","timestamp":"2025-07-19T08:20:58.355Z","valid":true}
{"level":"info","message":"Access token issued","scope":"api:read","timestamp":"2025-07-19T08:20:58.356Z","user":"did:web:example"}
{"did":"did:web:api-registry-test","level":"info","message":"DID authentication successful","subject":"example-user","timestamp":"2025-07-19T08:20:58.358Z"}
{"challengeId":"challenge-1752913258366","clientDID":"did:web:example.com","level":"info","message":"DID challenge created","timestamp":"2025-07-19T08:20:58.366Z"}
{"challengeId":"challenge-1752913258366","did":"did:web:example","level":"info","message":"DID challenge verification","timestamp":"2025-07-19T08:20:58.367Z","valid":true}
{"level":"info","message":"Access token issued","scope":"api:read","timestamp":"2025-07-19T08:20:58.368Z","user":"did:web:example"}
{"did":"did:web:api-registry-test","level":"info","message":"DID authentication successful","subject":"example-user","timestamp":"2025-07-19T08:20:58.370Z"}
{"level":"info","message":"Access token revoked","timestamp":"2025-07-19T08:20:58.371Z","tokenPrefix":"mock-jwt-eyJzdWIiOiJ..."}
{"keyPrefix":"test-key...","level":"info","message":"API key validation","timestamp":"2025-07-19T08:20:58.498Z","valid":false}
{"keyPrefix":"test-key...","level":"info","message":"API key validation","timestamp":"2025-07-19T08:20:58.501Z","valid":false}
{"keyPrefix":"test-key...","level":"info","message":"API key validation","timestamp":"2025-07-19T08:20:58.585Z","valid":true}
{"keyPrefix":"wrong-ke...","level":"info","message":"API key validation","timestamp":"2025-07-19T08:20:58.594Z","valid":false}
{"challengeId":"challenge-123","clientDID":"did:web:example","level":"info","message":"DID challenge created","timestamp":"2025-07-19T08:20:58.616Z"}
{"challengeId":"challenge-123","did":"did:web:example","level":"info","message":"DID challenge verification","timestamp":"2025-07-19T08:20:58.632Z","valid":true}
{"level":"info","message":"Access token issued","scope":"api:read","timestamp":"2025-07-19T08:20:58.632Z","user":"did:web:example"}
{"did":"did:web:example","level":"info","message":"DID authentication successful","subject":"example-user","timestamp":"2025-07-19T08:20:58.663Z"}
{"level":"info","message":"Access token revoked","timestamp":"2025-07-19T08:20:58.663Z","tokenPrefix":"mock-jwt-token..."}
{"did":"did:web:example","level":"info","message":"DID authentication successful","subject":"example-user","timestamp":"2025-07-19T08:20:58.680Z"}
{"challengeId":"challenge-123","clientDID":"did:web:example","level":"info","message":"DID challenge created","timestamp":"2025-07-19T08:20:58.694Z"}
{"did":"did:web:example","level":"info","message":"DID authentication successful","subject":"example-user","timestamp":"2025-07-19T08:20:58.703Z"}
{"keyPrefix":"test-key...","level":"info","message":"API key validation","timestamp":"2025-07-19T08:20:58.710Z","valid":true}
{"keyPrefix":"invalid-...","level":"info","message":"API key validation","timestamp":"2025-07-19T08:20:58.716Z","valid":false}
{"keyPrefix":"test-key...","level":"info","message":"API key validation","timestamp":"2025-07-19T08:20:58.729Z","valid":true}
{"keyPrefix":"test-key...","level":"info","message":"API key validation","timestamp":"2025-07-19T08:20:58.749Z","valid":true}
{"keyPrefix":"test-key...","level":"info","message":"API key validation","timestamp":"2025-07-19T09:50:18.376Z","valid":true}
{"keyPrefix":"wrong-ke...","level":"info","message":"API key validation","timestamp":"2025-07-19T09:50:18.389Z","valid":false}
{"challengeId":"challenge-123","clientDID":"did:web:example","level":"info","message":"DID challenge created","timestamp":"2025-07-19T09:50:18.420Z"}
{"challengeId":"challenge-123","did":"did:web:example","level":"info","message":"DID challenge verification","timestamp":"2025-07-19T09:50:18.441Z","valid":true}
{"level":"info","message":"Access token issued","scope":"api:read","timestamp":"2025-07-19T09:50:18.441Z","user":"did:web:example"}
{"did":"did:web:example","level":"info","message":"DID authentication successful","subject":"example-user","timestamp":"2025-07-19T09:50:18.480Z"}
{"level":"info","message":"Access token revoked","timestamp":"2025-07-19T09:50:18.481Z","tokenPrefix":"mock-jwt-token..."}
{"did":"did:web:example","level":"info","message":"DID authentication successful","subject":"example-user","timestamp":"2025-07-19T09:50:18.507Z"}
{"challengeId":"challenge-123","clientDID":"did:web:example","level":"info","message":"DID challenge created","timestamp":"2025-07-19T09:50:18.521Z"}
{"did":"did:web:example","level":"info","message":"DID authentication successful","subject":"example-user","timestamp":"2025-07-19T09:50:18.529Z"}
{"keyPrefix":"test-key...","level":"info","message":"API key validation","timestamp":"2025-07-19T09:50:18.537Z","valid":true}
{"keyPrefix":"invalid-...","level":"info","message":"API key validation","timestamp":"2025-07-19T09:50:18.544Z","valid":false}
{"keyPrefix":"test-key...","level":"info","message":"API key validation","timestamp":"2025-07-19T09:50:18.557Z","valid":true}
{"keyPrefix":"test-key...","level":"info","message":"API key validation","timestamp":"2025-07-19T09:50:18.579Z","valid":true}
